<?xml version="1.0" encoding="UTF-8"?>
<!-- Generated by org.testng.reporters.JUnitXMLReporter -->
<testsuite ignored="2" hostname="DESKTOP-7GC1PIP" failures="0" tests="1" name="Default test" time="340.461" errors="0" timestamp="2023-06-13T13:26:07 IST">
  <testcase classname="com.mohs10.scripts.THtest" name="Articles" time="334.914"/>
  <testcase classname="com.mohs10.scripts.THtest" name="Authorreg" time="0.0">
    <ignored/>
  </testcase> <!-- Authorreg -->
  <testcase classname="com.mohs10.scripts.THtest" name="Authorval" time="0.0">
    <ignored/>
  </testcase> <!-- Authorval -->
</testsuite> <!-- Default test -->
