<?xml version="1.0" encoding="UTF-8"?>
<!-- Generated by org.testng.reporters.JUnitXMLReporter -->
<testsuite ignored="0" hostname="DESKTOP-7GC1PIP" failures="0" tests="7" name="Test" time="285.923" errors="0" timestamp="2023-07-11T14:26:00 IST">
  <testcase classname="com.mohs10.scripts.HomeTest" name="Validate_title" time="31.243"/>
  <testcase classname="com.mohs10.scripts.HomeTest" name="Validate_Logo" time="17.803"/>
  <testcase classname="com.mohs10.scripts.HomeTest" name="Validate_Email" time="12.433"/>
  <testcase classname="com.mohs10.scripts.HomeTest" name="Validate_Keyword" time="16.775"/>
  <testcase classname="com.mohs10.scripts.HomeTest" name="Validate_readlink" time="21.834"/>
  <testcase classname="com.mohs10.scripts.HomeTest" name="Showcase_seriesPage" time="142.256"/>
  <testcase classname="com.mohs10.scripts.HomeTest" name="Showcase_series" time="39.337"/>
</testsuite> <!-- Test -->
