<?xml version="1.0" encoding="UTF-8"?>
<!-- Generated by org.testng.reporters.JUnitXMLReporter -->
<testsuite ignored="0" hostname="DESKTOP-7GC1PIP" failures="0" tests="7" name="Test" time="260.978" errors="0" timestamp="2023-07-12T13:27:21 IST">
  <testcase classname="com.mohs10.scripts.HomeTest" name="Validate_title" time="41.373"/>
  <testcase classname="com.mohs10.scripts.HomeTest" name="Validate_Logo" time="20.658"/>
  <testcase classname="com.mohs10.scripts.HomeTest" name="Validate_Email" time="13.003"/>
  <testcase classname="com.mohs10.scripts.HomeTest" name="Validate_Keyword" time="17.212"/>
  <testcase classname="com.mohs10.scripts.HomeTest" name="Validate_readlink" time="23.854"/>
  <testcase classname="com.mohs10.scripts.HomeTest" name="Showcase_seriesPage" time="59.483"/>
  <testcase classname="com.mohs10.scripts.HomeTest" name="Showcase_series" time="62.336"/>
</testsuite> <!-- Test -->
