<?xml version="1.0" encoding="UTF-8"?>
<!-- Generated by org.testng.reporters.JUnitXMLReporter -->
<testsuite ignored="0" hostname="DESKTOP-7GC1PIP" failures="0" tests="7" name="Test" time="224.733" errors="0" timestamp="2023-07-12T14:07:10 IST">
  <testcase classname="com.mohs10.scripts.HomeTest" name="Validate_title" time="41.75"/>
  <testcase classname="com.mohs10.scripts.HomeTest" name="Validate_Logo" time="19.086"/>
  <testcase classname="com.mohs10.scripts.HomeTest" name="Validate_Email" time="12.469"/>
  <testcase classname="com.mohs10.scripts.HomeTest" name="Validate_Keyword" time="16.187"/>
  <testcase classname="com.mohs10.scripts.HomeTest" name="Validate_readlink" time="22.252"/>
  <testcase classname="com.mohs10.scripts.HomeTest" name="Showcase_seriesPage" time="63.302"/>
  <testcase classname="com.mohs10.scripts.HomeTest" name="Showcase_series" time="41.034"/>
</testsuite> <!-- Test -->
