<?xml version="1.0" encoding="UTF-8"?>
<testng-results ignored="0" total="7" passed="7" failed="0" skipped="0">
  <reporter-output>
  </reporter-output>
  <suite started-at="2023-07-12T14:03:25 IST" name="Suite" finished-at="2023-07-12T14:07:10 IST" duration-ms="224733">
    <groups>
    </groups>
    <test started-at="2023-07-12T14:03:25 IST" name="Test" finished-at="2023-07-12T14:07:10 IST" duration-ms="224733">
      <class name="com.mohs10.scripts.HomeTest">
        <test-method is-config="true" signature="generateReport()[pri:0, instance:com.mohs10.scripts.HomeTest@5403f35f]" started-at="2023-07-12T14:03:25 IST" name="generateReport" finished-at="2023-07-12T14:03:26 IST" duration-ms="662" status="PASS">
          <reporter-output>
          </reporter-output>
        </test-method> <!-- generateReport -->
        <test-method is-config="true" signature="beforeClass()[pri:0, instance:com.mohs10.scripts.HomeTest@5403f35f]" started-at="2023-07-12T14:03:26 IST" name="beforeClass" finished-at="2023-07-12T14:03:32 IST" duration-ms="6021" status="PASS">
          <reporter-output>
          </reporter-output>
        </test-method> <!-- beforeClass -->
        <test-method is-config="true" signature="methodName(java.lang.reflect.Method)[pri:0, instance:com.mohs10.scripts.HomeTest@5403f35f]" started-at="2023-07-12T14:03:32 IST" name="methodName" finished-at="2023-07-12T14:03:32 IST" duration-ms="23" status="PASS">
          <params>
            <param index="0">
              <value>
                <![CDATA[public void com.mohs10.scripts.HomeTest.Validate_title() throws java.lang.Exception]]>
              </value>
            </param>
          </params>
          <reporter-output>
          </reporter-output>
        </test-method> <!-- methodName -->
        <test-method signature="Validate_title()[pri:0, instance:com.mohs10.scripts.HomeTest@5403f35f]" started-at="2023-07-12T14:03:32 IST" name="Validate_title" finished-at="2023-07-12T14:04:14 IST" duration-ms="41750" status="PASS">
          <reporter-output>
          </reporter-output>
        </test-method> <!-- Validate_title -->
        <test-method is-config="true" signature="methodName(java.lang.reflect.Method)[pri:0, instance:com.mohs10.scripts.HomeTest@5403f35f]" started-at="2023-07-12T14:04:14 IST" name="methodName" finished-at="2023-07-12T14:04:14 IST" duration-ms="1" status="PASS">
          <params>
            <param index="0">
              <value>
                <![CDATA[public void com.mohs10.scripts.HomeTest.Validate_Logo() throws java.lang.Exception]]>
              </value>
            </param>
          </params>
          <reporter-output>
          </reporter-output>
        </test-method> <!-- methodName -->
        <test-method signature="Validate_Logo()[pri:1, instance:com.mohs10.scripts.HomeTest@5403f35f]" started-at="2023-07-12T14:04:14 IST" name="Validate_Logo" finished-at="2023-07-12T14:04:33 IST" duration-ms="19086" status="PASS">
          <reporter-output>
          </reporter-output>
        </test-method> <!-- Validate_Logo -->
        <test-method is-config="true" signature="methodName(java.lang.reflect.Method)[pri:0, instance:com.mohs10.scripts.HomeTest@5403f35f]" started-at="2023-07-12T14:04:33 IST" name="methodName" finished-at="2023-07-12T14:04:33 IST" duration-ms="1" status="PASS">
          <params>
            <param index="0">
              <value>
                <![CDATA[public void com.mohs10.scripts.HomeTest.Validate_Email() throws java.lang.Exception]]>
              </value>
            </param>
          </params>
          <reporter-output>
          </reporter-output>
        </test-method> <!-- methodName -->
        <test-method signature="Validate_Email()[pri:2, instance:com.mohs10.scripts.HomeTest@5403f35f]" started-at="2023-07-12T14:04:33 IST" name="Validate_Email" finished-at="2023-07-12T14:04:46 IST" duration-ms="12469" status="PASS">
          <reporter-output>
          </reporter-output>
        </test-method> <!-- Validate_Email -->
        <test-method signature="Validate_Keyword()[pri:3, instance:com.mohs10.scripts.HomeTest@5403f35f]" started-at="2023-07-12T14:04:46 IST" name="Validate_Keyword" finished-at="2023-07-12T14:05:02 IST" duration-ms="16187" status="PASS">
          <reporter-output>
          </reporter-output>
        </test-method> <!-- Validate_Keyword -->
        <test-method is-config="true" signature="methodName(java.lang.reflect.Method)[pri:0, instance:com.mohs10.scripts.HomeTest@5403f35f]" started-at="2023-07-12T14:04:46 IST" name="methodName" finished-at="2023-07-12T14:04:46 IST" duration-ms="0" status="PASS">
          <params>
            <param index="0">
              <value>
                <![CDATA[public void com.mohs10.scripts.HomeTest.Validate_Keyword() throws java.lang.Exception]]>
              </value>
            </param>
          </params>
          <reporter-output>
          </reporter-output>
        </test-method> <!-- methodName -->
        <test-method signature="Validate_readlink()[pri:4, instance:com.mohs10.scripts.HomeTest@5403f35f]" started-at="2023-07-12T14:05:02 IST" name="Validate_readlink" finished-at="2023-07-12T14:05:24 IST" duration-ms="22252" status="PASS">
          <reporter-output>
          </reporter-output>
        </test-method> <!-- Validate_readlink -->
        <test-method is-config="true" signature="methodName(java.lang.reflect.Method)[pri:0, instance:com.mohs10.scripts.HomeTest@5403f35f]" started-at="2023-07-12T14:05:02 IST" name="methodName" finished-at="2023-07-12T14:05:02 IST" duration-ms="0" status="PASS">
          <params>
            <param index="0">
              <value>
                <![CDATA[public void com.mohs10.scripts.HomeTest.Validate_readlink() throws java.lang.Exception]]>
              </value>
            </param>
          </params>
          <reporter-output>
          </reporter-output>
        </test-method> <!-- methodName -->
        <test-method is-config="true" signature="methodName(java.lang.reflect.Method)[pri:0, instance:com.mohs10.scripts.HomeTest@5403f35f]" started-at="2023-07-12T14:05:24 IST" name="methodName" finished-at="2023-07-12T14:05:24 IST" duration-ms="0" status="PASS">
          <params>
            <param index="0">
              <value>
                <![CDATA[public void com.mohs10.scripts.HomeTest.Showcase_seriesPage() throws java.lang.Exception]]>
              </value>
            </param>
          </params>
          <reporter-output>
          </reporter-output>
        </test-method> <!-- methodName -->
        <test-method signature="Showcase_seriesPage()[pri:5, instance:com.mohs10.scripts.HomeTest@5403f35f]" started-at="2023-07-12T14:05:24 IST" name="Showcase_seriesPage" finished-at="2023-07-12T14:06:27 IST" duration-ms="63302" status="PASS">
          <reporter-output>
          </reporter-output>
        </test-method> <!-- Showcase_seriesPage -->
        <test-method is-config="true" signature="methodName(java.lang.reflect.Method)[pri:0, instance:com.mohs10.scripts.HomeTest@5403f35f]" started-at="2023-07-12T14:06:27 IST" name="methodName" finished-at="2023-07-12T14:06:27 IST" duration-ms="0" status="PASS">
          <params>
            <param index="0">
              <value>
                <![CDATA[public void com.mohs10.scripts.HomeTest.Showcase_series() throws java.lang.Exception]]>
              </value>
            </param>
          </params>
          <reporter-output>
          </reporter-output>
        </test-method> <!-- methodName -->
        <test-method signature="Showcase_series()[pri:6, instance:com.mohs10.scripts.HomeTest@5403f35f]" started-at="2023-07-12T14:06:27 IST" name="Showcase_series" finished-at="2023-07-12T14:07:08 IST" duration-ms="41034" status="PASS">
          <reporter-output>
          </reporter-output>
        </test-method> <!-- Showcase_series -->
        <test-method is-config="true" signature="afterClass()[pri:0, instance:com.mohs10.scripts.HomeTest@5403f35f]" started-at="2023-07-12T14:07:08 IST" name="afterClass" finished-at="2023-07-12T14:07:10 IST" duration-ms="1892" status="PASS">
          <reporter-output>
          </reporter-output>
        </test-method> <!-- afterClass -->
      </class> <!-- com.mohs10.scripts.HomeTest -->
    </test> <!-- Test -->
  </suite> <!-- Suite -->
</testng-results>
