<?xml version="1.0" encoding="UTF-8"?>
<testng-results ignored="0" total="7" passed="6" failed="1" skipped="0">
  <reporter-output>
  </reporter-output>
  <suite started-at="2023-07-11T18:12:45 IST" name="Suite" finished-at="2023-07-11T18:18:21 IST" duration-ms="336109">
    <groups>
    </groups>
    <test started-at="2023-07-11T18:12:45 IST" name="Test" finished-at="2023-07-11T18:18:21 IST" duration-ms="336109">
      <class name="com.mohs10.scripts.HomeTest">
        <test-method is-config="true" signature="generateReport()[pri:0, instance:com.mohs10.scripts.HomeTest@4a7f959b]" started-at="2023-07-11T18:12:45 IST" name="generateReport" finished-at="2023-07-11T18:12:46 IST" duration-ms="601" status="PASS">
          <reporter-output>
          </reporter-output>
        </test-method> <!-- generateReport -->
        <test-method is-config="true" signature="beforeClass()[pri:0, instance:com.mohs10.scripts.HomeTest@4a7f959b]" started-at="2023-07-11T18:12:46 IST" name="beforeClass" finished-at="2023-07-11T18:12:50 IST" duration-ms="4516" status="PASS">
          <reporter-output>
          </reporter-output>
        </test-method> <!-- beforeClass -->
        <test-method is-config="true" signature="methodName(java.lang.reflect.Method)[pri:0, instance:com.mohs10.scripts.HomeTest@4a7f959b]" started-at="2023-07-11T18:12:50 IST" name="methodName" finished-at="2023-07-11T18:12:51 IST" duration-ms="11" status="PASS">
          <params>
            <param index="0">
              <value>
                <![CDATA[public void com.mohs10.scripts.HomeTest.Validate_title() throws java.lang.Exception]]>
              </value>
            </param>
          </params>
          <reporter-output>
          </reporter-output>
        </test-method> <!-- methodName -->
        <test-method signature="Validate_title()[pri:0, instance:com.mohs10.scripts.HomeTest@4a7f959b]" started-at="2023-07-11T18:12:51 IST" name="Validate_title" finished-at="2023-07-11T18:13:25 IST" duration-ms="34889" status="PASS">
          <reporter-output>
          </reporter-output>
        </test-method> <!-- Validate_title -->
        <test-method is-config="true" signature="methodName(java.lang.reflect.Method)[pri:0, instance:com.mohs10.scripts.HomeTest@4a7f959b]" started-at="2023-07-11T18:13:25 IST" name="methodName" finished-at="2023-07-11T18:13:25 IST" duration-ms="0" status="PASS">
          <params>
            <param index="0">
              <value>
                <![CDATA[public void com.mohs10.scripts.HomeTest.Validate_Logo() throws java.lang.Exception]]>
              </value>
            </param>
          </params>
          <reporter-output>
          </reporter-output>
        </test-method> <!-- methodName -->
        <test-method signature="Validate_Logo()[pri:1, instance:com.mohs10.scripts.HomeTest@4a7f959b]" started-at="2023-07-11T18:13:25 IST" name="Validate_Logo" finished-at="2023-07-11T18:13:49 IST" duration-ms="23846" status="FAIL">
          <exception class="org.openqa.selenium.NoSuchElementException">
            <message>
              <![CDATA[no such element: Unable to locate element: {"method":"xpath","selector":"//div[@class='site-primary-header-wrap ast-builder-grid-row-container site-header-focus-item ast-container']//img[@alt='Mohs10 Technologies']"}
  (Session info: chrome=114.0.5735.199)
For documentation on this error, please visit: https://www.seleniumhq.org/exceptions/no_such_element.html
Build info: version: '3.141.59', revision: 'e82be7d358', time: '2018-11-14T08:17:03'
System info: host: 'DESKTOP-7GC1PIP', ip: '192.168.1.44', os.name: 'Windows 10', os.arch: 'amd64', os.version: '10.0', java.version: '11.0.16'
Driver info: org.openqa.selenium.chrome.ChromeDriver
Capabilities {acceptInsecureCerts: false, browserName: chrome, browserVersion: 114.0.5735.199, chrome: {chromedriverVersion: 114.0.5735.90 (386bc09e8f4f..., userDataDir: C:\Users\DELL\AppData\Local...}, goog:chromeOptions: {debuggerAddress: localhost:49175}, javascriptEnabled: true, networkConnectionEnabled: false, pageLoadStrategy: normal, platform: WINDOWS, platformName: WINDOWS, proxy: Proxy(), setWindowRect: true, strictFileInteractability: false, timeouts: {implicit: 0, pageLoad: 300000, script: 30000}, unhandledPromptBehavior: dismiss and notify, webauthn:extension:credBlob: true, webauthn:extension:largeBlob: true, webauthn:extension:minPinLength: true, webauthn:extension:prf: true, webauthn:virtualAuthenticators: true}
Session ID: 392c1dbf2551fdddeca226e99471e1c1
*** Element info: {Using=xpath, value=//div[@class='site-primary-header-wrap ast-builder-grid-row-container site-header-focus-item ast-container']//img[@alt='Mohs10 Technologies']}]]>
            </message>
            <full-stacktrace>
              <![CDATA[org.openqa.selenium.NoSuchElementException: no such element: Unable to locate element: {"method":"xpath","selector":"//div[@class='site-primary-header-wrap ast-builder-grid-row-container site-header-focus-item ast-container']//img[@alt='Mohs10 Technologies']"}
  (Session info: chrome=114.0.5735.199)
For documentation on this error, please visit: https://www.seleniumhq.org/exceptions/no_such_element.html
Build info: version: '3.141.59', revision: 'e82be7d358', time: '2018-11-14T08:17:03'
System info: host: 'DESKTOP-7GC1PIP', ip: '192.168.1.44', os.name: 'Windows 10', os.arch: 'amd64', os.version: '10.0', java.version: '11.0.16'
Driver info: org.openqa.selenium.chrome.ChromeDriver
Capabilities {acceptInsecureCerts: false, browserName: chrome, browserVersion: 114.0.5735.199, chrome: {chromedriverVersion: 114.0.5735.90 (386bc09e8f4f..., userDataDir: C:\Users\DELL\AppData\Local...}, goog:chromeOptions: {debuggerAddress: localhost:49175}, javascriptEnabled: true, networkConnectionEnabled: false, pageLoadStrategy: normal, platform: WINDOWS, platformName: WINDOWS, proxy: Proxy(), setWindowRect: true, strictFileInteractability: false, timeouts: {implicit: 0, pageLoad: 300000, script: 30000}, unhandledPromptBehavior: dismiss and notify, webauthn:extension:credBlob: true, webauthn:extension:largeBlob: true, webauthn:extension:minPinLength: true, webauthn:extension:prf: true, webauthn:virtualAuthenticators: true}
Session ID: 392c1dbf2551fdddeca226e99471e1c1
*** Element info: {Using=xpath, value=//div[@class='site-primary-header-wrap ast-builder-grid-row-container site-header-focus-item ast-container']//img[@alt='Mohs10 Technologies']}
at java.base/jdk.internal.reflect.NativeConstructorAccessorImpl.newInstance0(Native Method)
at java.base/jdk.internal.reflect.NativeConstructorAccessorImpl.newInstance(NativeConstructorAccessorImpl.java:62)
at java.base/jdk.internal.reflect.DelegatingConstructorAccessorImpl.newInstance(DelegatingConstructorAccessorImpl.java:45)
at java.base/java.lang.reflect.Constructor.newInstance(Constructor.java:490)
at org.openqa.selenium.remote.http.W3CHttpResponseCodec.createException(W3CHttpResponseCodec.java:187)
at org.openqa.selenium.remote.http.W3CHttpResponseCodec.decode(W3CHttpResponseCodec.java:122)
at org.openqa.selenium.remote.http.W3CHttpResponseCodec.decode(W3CHttpResponseCodec.java:49)
at org.openqa.selenium.remote.HttpCommandExecutor.execute(HttpCommandExecutor.java:158)
at org.openqa.selenium.remote.service.DriverCommandExecutor.execute(DriverCommandExecutor.java:83)
at org.openqa.selenium.remote.RemoteWebDriver.execute(RemoteWebDriver.java:552)
at org.openqa.selenium.remote.RemoteWebDriver.findElement(RemoteWebDriver.java:323)
at org.openqa.selenium.remote.RemoteWebDriver.findElementByXPath(RemoteWebDriver.java:428)
at org.openqa.selenium.By$ByXPath.findElement(By.java:353)
at org.openqa.selenium.remote.RemoteWebDriver.findElement(RemoteWebDriver.java:315)
at com.mohs10.reuse.CommonFuns.Validate_Logo(CommonFuns.java:89)
at com.mohs10.scripts.HomeTest.Validate_Logo(HomeTest.java:32)
at java.base/jdk.internal.reflect.NativeMethodAccessorImpl.invoke0(Native Method)
at java.base/jdk.internal.reflect.NativeMethodAccessorImpl.invoke(NativeMethodAccessorImpl.java:62)
at java.base/jdk.internal.reflect.DelegatingMethodAccessorImpl.invoke(DelegatingMethodAccessorImpl.java:43)
at java.base/java.lang.reflect.Method.invoke(Method.java:566)
at org.testng.internal.MethodInvocationHelper.invokeMethod(MethodInvocationHelper.java:133)
at org.testng.internal.TestInvoker.invokeMethod(TestInvoker.java:598)
at org.testng.internal.TestInvoker.invokeTestMethod(TestInvoker.java:173)
at org.testng.internal.MethodRunner.runInSequence(MethodRunner.java:46)
at org.testng.internal.TestInvoker$MethodInvocationAgent.invoke(TestInvoker.java:824)
at org.testng.internal.TestInvoker.invokeTestMethods(TestInvoker.java:146)
at org.testng.internal.TestMethodWorker.invokeTestMethods(TestMethodWorker.java:146)
at org.testng.internal.TestMethodWorker.run(TestMethodWorker.java:128)
at java.base/java.util.ArrayList.forEach(ArrayList.java:1541)
at org.testng.TestRunner.privateRun(TestRunner.java:794)
at org.testng.TestRunner.run(TestRunner.java:596)
at org.testng.SuiteRunner.runTest(SuiteRunner.java:377)
at org.testng.SuiteRunner.runSequentially(SuiteRunner.java:371)
at org.testng.SuiteRunner.privateRun(SuiteRunner.java:332)
at org.testng.SuiteRunner.run(SuiteRunner.java:276)
at org.testng.SuiteRunnerWorker.runSuite(SuiteRunnerWorker.java:53)
at org.testng.SuiteRunnerWorker.run(SuiteRunnerWorker.java:96)
at org.testng.TestNG.runSuitesSequentially(TestNG.java:1212)
at org.testng.TestNG.runSuitesLocally(TestNG.java:1134)
at org.testng.TestNG.runSuites(TestNG.java:1063)
at org.testng.TestNG.run(TestNG.java:1031)
at org.apache.maven.surefire.testng.TestNGExecutor.run(TestNGExecutor.java:283)
at org.apache.maven.surefire.testng.TestNGXmlTestSuite.execute(TestNGXmlTestSuite.java:75)
at org.apache.maven.surefire.testng.TestNGProvider.invoke(TestNGProvider.java:120)
at org.apache.maven.surefire.booter.ForkedBooter.invokeProviderInSameClassLoader(ForkedBooter.java:384)
at org.apache.maven.surefire.booter.ForkedBooter.runSuitesInProcess(ForkedBooter.java:345)
at org.apache.maven.surefire.booter.ForkedBooter.execute(ForkedBooter.java:126)
at org.apache.maven.surefire.booter.ForkedBooter.main(ForkedBooter.java:418)
]]>
            </full-stacktrace>
          </exception> <!-- org.openqa.selenium.NoSuchElementException -->
          <reporter-output>
          </reporter-output>
        </test-method> <!-- Validate_Logo -->
        <test-method is-config="true" signature="methodName(java.lang.reflect.Method)[pri:0, instance:com.mohs10.scripts.HomeTest@4a7f959b]" started-at="2023-07-11T18:13:49 IST" name="methodName" finished-at="2023-07-11T18:13:49 IST" duration-ms="1" status="PASS">
          <params>
            <param index="0">
              <value>
                <![CDATA[public void com.mohs10.scripts.HomeTest.Validate_Email() throws java.lang.Exception]]>
              </value>
            </param>
          </params>
          <reporter-output>
          </reporter-output>
        </test-method> <!-- methodName -->
        <test-method signature="Validate_Email()[pri:2, instance:com.mohs10.scripts.HomeTest@4a7f959b]" started-at="2023-07-11T18:13:49 IST" name="Validate_Email" finished-at="2023-07-11T18:14:06 IST" duration-ms="16935" status="PASS">
          <reporter-output>
          </reporter-output>
        </test-method> <!-- Validate_Email -->
        <test-method signature="Validate_Keyword()[pri:3, instance:com.mohs10.scripts.HomeTest@4a7f959b]" started-at="2023-07-11T18:14:06 IST" name="Validate_Keyword" finished-at="2023-07-11T18:14:25 IST" duration-ms="18844" status="PASS">
          <reporter-output>
          </reporter-output>
        </test-method> <!-- Validate_Keyword -->
        <test-method is-config="true" signature="methodName(java.lang.reflect.Method)[pri:0, instance:com.mohs10.scripts.HomeTest@4a7f959b]" started-at="2023-07-11T18:14:06 IST" name="methodName" finished-at="2023-07-11T18:14:06 IST" duration-ms="0" status="PASS">
          <params>
            <param index="0">
              <value>
                <![CDATA[public void com.mohs10.scripts.HomeTest.Validate_Keyword() throws java.lang.Exception]]>
              </value>
            </param>
          </params>
          <reporter-output>
          </reporter-output>
        </test-method> <!-- methodName -->
        <test-method signature="Validate_readlink()[pri:4, instance:com.mohs10.scripts.HomeTest@4a7f959b]" started-at="2023-07-11T18:14:25 IST" name="Validate_readlink" finished-at="2023-07-11T18:14:50 IST" duration-ms="24648" status="PASS">
          <reporter-output>
          </reporter-output>
        </test-method> <!-- Validate_readlink -->
        <test-method is-config="true" signature="methodName(java.lang.reflect.Method)[pri:0, instance:com.mohs10.scripts.HomeTest@4a7f959b]" started-at="2023-07-11T18:14:25 IST" name="methodName" finished-at="2023-07-11T18:14:25 IST" duration-ms="0" status="PASS">
          <params>
            <param index="0">
              <value>
                <![CDATA[public void com.mohs10.scripts.HomeTest.Validate_readlink() throws java.lang.Exception]]>
              </value>
            </param>
          </params>
          <reporter-output>
          </reporter-output>
        </test-method> <!-- methodName -->
        <test-method signature="Showcase_seriesPage()[pri:5, instance:com.mohs10.scripts.HomeTest@4a7f959b]" started-at="2023-07-11T18:14:50 IST" name="Showcase_seriesPage" finished-at="2023-07-11T18:17:34 IST" duration-ms="164290" status="PASS">
          <reporter-output>
          </reporter-output>
        </test-method> <!-- Showcase_seriesPage -->
        <test-method is-config="true" signature="methodName(java.lang.reflect.Method)[pri:0, instance:com.mohs10.scripts.HomeTest@4a7f959b]" started-at="2023-07-11T18:14:50 IST" name="methodName" finished-at="2023-07-11T18:14:50 IST" duration-ms="0" status="PASS">
          <params>
            <param index="0">
              <value>
                <![CDATA[public void com.mohs10.scripts.HomeTest.Showcase_seriesPage() throws java.lang.Exception]]>
              </value>
            </param>
          </params>
          <reporter-output>
          </reporter-output>
        </test-method> <!-- methodName -->
        <test-method is-config="true" signature="methodName(java.lang.reflect.Method)[pri:0, instance:com.mohs10.scripts.HomeTest@4a7f959b]" started-at="2023-07-11T18:17:34 IST" name="methodName" finished-at="2023-07-11T18:17:34 IST" duration-ms="0" status="PASS">
          <params>
            <param index="0">
              <value>
                <![CDATA[public void com.mohs10.scripts.HomeTest.Showcase_series() throws java.lang.Exception]]>
              </value>
            </param>
          </params>
          <reporter-output>
          </reporter-output>
        </test-method> <!-- methodName -->
        <test-method signature="Showcase_series()[pri:6, instance:com.mohs10.scripts.HomeTest@4a7f959b]" started-at="2023-07-11T18:17:34 IST" name="Showcase_series" finished-at="2023-07-11T18:18:19 IST" duration-ms="45412" status="PASS">
          <reporter-output>
          </reporter-output>
        </test-method> <!-- Showcase_series -->
        <test-method is-config="true" signature="afterClass()[pri:0, instance:com.mohs10.scripts.HomeTest@4a7f959b]" started-at="2023-07-11T18:18:19 IST" name="afterClass" finished-at="2023-07-11T18:18:21 IST" duration-ms="2058" status="PASS">
          <reporter-output>
          </reporter-output>
        </test-method> <!-- afterClass -->
      </class> <!-- com.mohs10.scripts.HomeTest -->
    </test> <!-- Test -->
  </suite> <!-- Suite -->
</testng-results>
