<?xml version="1.0" encoding="UTF-8"?>
<testsuite xmlns:xsi="http://www.w3.org/2001/XMLSchema-instance" xsi:noNamespaceSchemaLocation="https://maven.apache.org/surefire/maven-surefire-plugin/xsd/surefire-test-report.xsd" name="TestSuite" time="337.559" tests="7" errors="0" skipped="0" failures="1">
  <properties>
[...]
</properties>
  <testcase name="Validate_title" classname="com.mohs10.scripts.HomeTest" time="34.894"/>
  <testcase name="Validate_Logo" classname="com.mohs10.scripts.HomeTest" time="23.857">
    <failure message="no such element: Unable to locate element: {&quot;method&quot;:&quot;xpath&quot;,&quot;selector&quot;:&quot;//div[@class=&apos;site-primary-header-wrap ast-builder-grid-row-container site-header-focus-item ast-container&apos;]//img[@alt=&apos;Mohs10 Technologies&apos;]&quot;}&#10;  (Session info: chrome=114.0.5735.199)&#10;For documentation on this error, please visit: https://www.seleniumhq.org/exceptions/no_such_element.html&#10;Build info: version: &apos;3.141.59&apos;, revision: &apos;e82be7d358&apos;, time: &apos;2018-11-14T08:17:03&apos;&#10;System info: host: &apos;DESKTOP-7GC1PIP&apos;, ip: &apos;192.168.1.44&apos;, os.name: &apos;Windows 10&apos;, os.arch: &apos;amd64&apos;, os.version: &apos;10.0&apos;, java.version: &apos;11.0.16&apos;&#10;Driver info: org.openqa.selenium.chrome.ChromeDriver&#10;Capabilities {acceptInsecureCerts: false, browserName: chrome, browserVersion: 114.0.5735.199, chrome: {chromedriverVersion: 114.0.5735.90 (386bc09e8f4f..., userDataDir: C:\Users\DELL\AppData\Local...}, goog:chromeOptions: {debuggerAddress: localhost:49175}, javascriptEnabled: true, networkConnectionEnabled: false, pageLoadStrategy: normal, platform: WINDOWS, platformName: WINDOWS, proxy: Proxy(), setWindowRect: true, strictFileInteractability: false, timeouts: {implicit: 0, pageLoad: 300000, script: 30000}, unhandledPromptBehavior: dismiss and notify, webauthn:extension:credBlob: true, webauthn:extension:largeBlob: true, webauthn:extension:minPinLength: true, webauthn:extension:prf: true, webauthn:virtualAuthenticators: true}&#10;Session ID: 392c1dbf2551fdddeca226e99471e1c1&#10;*** Element info: {Using=xpath, value=//div[@class=&apos;site-primary-header-wrap ast-builder-grid-row-container site-header-focus-item ast-container&apos;]//img[@alt=&apos;Mohs10 Technologies&apos;]}" type="org.openqa.selenium.NoSuchElementException">org.openqa.selenium.NoSuchElementException: 
no such element: Unable to locate element: {"method":"xpath","selector":"//div[@class='site-primary-header-wrap ast-builder-grid-row-container site-header-focus-item ast-container']//img[@alt='Mohs10 Technologies']"}
  (Session info: chrome=114.0.5735.199)
For documentation on this error, please visit: https://www.seleniumhq.org/exceptions/no_such_element.html
Build info: version: '3.141.59', revision: 'e82be7d358', time: '2018-11-14T08:17:03'
System info: host: 'DESKTOP-7GC1PIP', ip: '192.168.1.44', os.name: 'Windows 10', os.arch: 'amd64', os.version: '10.0', java.version: '11.0.16'
Driver info: org.openqa.selenium.chrome.ChromeDriver
Capabilities {acceptInsecureCerts: false, browserName: chrome, browserVersion: 114.0.5735.199, chrome: {chromedriverVersion: 114.0.5735.90 (386bc09e8f4f..., userDataDir: C:\Users\DELL\AppData\Local...}, goog:chromeOptions: {debuggerAddress: localhost:49175}, javascriptEnabled: true, networkConnectionEnabled: false, pageLoadStrategy: normal, platform: WINDOWS, platformName: WINDOWS, proxy: Proxy(), setWindowRect: true, strictFileInteractability: false, timeouts: {implicit: 0, pageLoad: 300000, script: 30000}, unhandledPromptBehavior: dismiss and notify, webauthn:extension:credBlob: true, webauthn:extension:largeBlob: true, webauthn:extension:minPinLength: true, webauthn:extension:prf: true, webauthn:virtualAuthenticators: true}
Session ID: 392c1dbf2551fdddeca226e99471e1c1
*** Element info: {Using=xpath, value=//div[@class='site-primary-header-wrap ast-builder-grid-row-container site-header-focus-item ast-container']//img[@alt='Mohs10 Technologies']}
	at com.mohs10.scripts.HomeTest.Validate_Logo(HomeTest.java:32)
</failure>
  </testcase>
  <testcase name="Validate_Email" classname="com.mohs10.scripts.HomeTest" time="16.935"/>
  <testcase name="Validate_Keyword" classname="com.mohs10.scripts.HomeTest" time="18.844"/>
  <testcase name="Validate_readlink" classname="com.mohs10.scripts.HomeTest" time="24.646"/>
  <testcase name="Showcase_seriesPage" classname="com.mohs10.scripts.HomeTest" time="164.29"/>
  <testcase name="Showcase_series" classname="com.mohs10.scripts.HomeTest" time="45.412"/>
</testsuite>