<?xml version="1.0" encoding="UTF-8"?>
<testng-results ignored="0" total="7" passed="7" failed="0" skipped="0">
  <reporter-output>
  </reporter-output>
  <suite started-at="2023-07-11T14:21:14 IST" name="Suite" finished-at="2023-07-11T14:26:00 IST" duration-ms="285923">
    <groups>
    </groups>
    <test started-at="2023-07-11T14:21:14 IST" name="Test" finished-at="2023-07-11T14:26:00 IST" duration-ms="285923">
      <class name="com.mohs10.scripts.HomeTest">
        <test-method is-config="true" signature="generateReport()[pri:0, instance:com.mohs10.scripts.HomeTest@52719fb6]" started-at="2023-07-11T14:21:14 IST" name="generateReport" finished-at="2023-07-11T14:21:14 IST" duration-ms="601" status="PASS">
          <reporter-output>
          </reporter-output>
        </test-method> <!-- generateReport -->
        <test-method is-config="true" signature="beforeClass()[pri:0, instance:com.mohs10.scripts.HomeTest@52719fb6]" started-at="2023-07-11T14:21:14 IST" name="beforeClass" finished-at="2023-07-11T14:21:17 IST" duration-ms="2347" status="PASS">
          <reporter-output>
          </reporter-output>
        </test-method> <!-- beforeClass -->
        <test-method is-config="true" signature="methodName(java.lang.reflect.Method)[pri:0, instance:com.mohs10.scripts.HomeTest@52719fb6]" started-at="2023-07-11T14:21:17 IST" name="methodName" finished-at="2023-07-11T14:21:17 IST" duration-ms="10" status="PASS">
          <params>
            <param index="0">
              <value>
                <![CDATA[public void com.mohs10.scripts.HomeTest.Validate_title() throws java.lang.Exception]]>
              </value>
            </param>
          </params>
          <reporter-output>
          </reporter-output>
        </test-method> <!-- methodName -->
        <test-method signature="Validate_title()[pri:0, instance:com.mohs10.scripts.HomeTest@52719fb6]" started-at="2023-07-11T14:21:17 IST" name="Validate_title" finished-at="2023-07-11T14:21:48 IST" duration-ms="31243" status="PASS">
          <reporter-output>
          </reporter-output>
        </test-method> <!-- Validate_title -->
        <test-method signature="Validate_Logo()[pri:1, instance:com.mohs10.scripts.HomeTest@52719fb6]" started-at="2023-07-11T14:21:48 IST" name="Validate_Logo" finished-at="2023-07-11T14:22:06 IST" duration-ms="17803" status="PASS">
          <reporter-output>
          </reporter-output>
        </test-method> <!-- Validate_Logo -->
        <test-method is-config="true" signature="methodName(java.lang.reflect.Method)[pri:0, instance:com.mohs10.scripts.HomeTest@52719fb6]" started-at="2023-07-11T14:21:48 IST" name="methodName" finished-at="2023-07-11T14:21:48 IST" duration-ms="0" status="PASS">
          <params>
            <param index="0">
              <value>
                <![CDATA[public void com.mohs10.scripts.HomeTest.Validate_Logo() throws java.lang.Exception]]>
              </value>
            </param>
          </params>
          <reporter-output>
          </reporter-output>
        </test-method> <!-- methodName -->
        <test-method is-config="true" signature="methodName(java.lang.reflect.Method)[pri:0, instance:com.mohs10.scripts.HomeTest@52719fb6]" started-at="2023-07-11T14:22:06 IST" name="methodName" finished-at="2023-07-11T14:22:06 IST" duration-ms="0" status="PASS">
          <params>
            <param index="0">
              <value>
                <![CDATA[public void com.mohs10.scripts.HomeTest.Validate_Email() throws java.lang.Exception]]>
              </value>
            </param>
          </params>
          <reporter-output>
          </reporter-output>
        </test-method> <!-- methodName -->
        <test-method signature="Validate_Email()[pri:2, instance:com.mohs10.scripts.HomeTest@52719fb6]" started-at="2023-07-11T14:22:06 IST" name="Validate_Email" finished-at="2023-07-11T14:22:18 IST" duration-ms="12433" status="PASS">
          <reporter-output>
          </reporter-output>
        </test-method> <!-- Validate_Email -->
        <test-method signature="Validate_Keyword()[pri:3, instance:com.mohs10.scripts.HomeTest@52719fb6]" started-at="2023-07-11T14:22:18 IST" name="Validate_Keyword" finished-at="2023-07-11T14:22:35 IST" duration-ms="16775" status="PASS">
          <reporter-output>
          </reporter-output>
        </test-method> <!-- Validate_Keyword -->
        <test-method is-config="true" signature="methodName(java.lang.reflect.Method)[pri:0, instance:com.mohs10.scripts.HomeTest@52719fb6]" started-at="2023-07-11T14:22:18 IST" name="methodName" finished-at="2023-07-11T14:22:18 IST" duration-ms="0" status="PASS">
          <params>
            <param index="0">
              <value>
                <![CDATA[public void com.mohs10.scripts.HomeTest.Validate_Keyword() throws java.lang.Exception]]>
              </value>
            </param>
          </params>
          <reporter-output>
          </reporter-output>
        </test-method> <!-- methodName -->
        <test-method signature="Validate_readlink()[pri:4, instance:com.mohs10.scripts.HomeTest@52719fb6]" started-at="2023-07-11T14:22:35 IST" name="Validate_readlink" finished-at="2023-07-11T14:22:57 IST" duration-ms="21834" status="PASS">
          <reporter-output>
          </reporter-output>
        </test-method> <!-- Validate_readlink -->
        <test-method is-config="true" signature="methodName(java.lang.reflect.Method)[pri:0, instance:com.mohs10.scripts.HomeTest@52719fb6]" started-at="2023-07-11T14:22:35 IST" name="methodName" finished-at="2023-07-11T14:22:35 IST" duration-ms="0" status="PASS">
          <params>
            <param index="0">
              <value>
                <![CDATA[public void com.mohs10.scripts.HomeTest.Validate_readlink() throws java.lang.Exception]]>
              </value>
            </param>
          </params>
          <reporter-output>
          </reporter-output>
        </test-method> <!-- methodName -->
        <test-method is-config="true" signature="methodName(java.lang.reflect.Method)[pri:0, instance:com.mohs10.scripts.HomeTest@52719fb6]" started-at="2023-07-11T14:22:57 IST" name="methodName" finished-at="2023-07-11T14:22:57 IST" duration-ms="0" status="PASS">
          <params>
            <param index="0">
              <value>
                <![CDATA[public void com.mohs10.scripts.HomeTest.Showcase_seriesPage() throws java.lang.Exception]]>
              </value>
            </param>
          </params>
          <reporter-output>
          </reporter-output>
        </test-method> <!-- methodName -->
        <test-method signature="Showcase_seriesPage()[pri:5, instance:com.mohs10.scripts.HomeTest@52719fb6]" started-at="2023-07-11T14:22:57 IST" name="Showcase_seriesPage" finished-at="2023-07-11T14:25:19 IST" duration-ms="142256" status="PASS">
          <reporter-output>
          </reporter-output>
        </test-method> <!-- Showcase_seriesPage -->
        <test-method signature="Showcase_series()[pri:6, instance:com.mohs10.scripts.HomeTest@52719fb6]" started-at="2023-07-11T14:25:19 IST" name="Showcase_series" finished-at="2023-07-11T14:25:58 IST" duration-ms="39337" status="PASS">
          <reporter-output>
          </reporter-output>
        </test-method> <!-- Showcase_series -->
        <test-method is-config="true" signature="methodName(java.lang.reflect.Method)[pri:0, instance:com.mohs10.scripts.HomeTest@52719fb6]" started-at="2023-07-11T14:25:19 IST" name="methodName" finished-at="2023-07-11T14:25:19 IST" duration-ms="0" status="PASS">
          <params>
            <param index="0">
              <value>
                <![CDATA[public void com.mohs10.scripts.HomeTest.Showcase_series() throws java.lang.Exception]]>
              </value>
            </param>
          </params>
          <reporter-output>
          </reporter-output>
        </test-method> <!-- methodName -->
        <test-method is-config="true" signature="afterClass()[pri:0, instance:com.mohs10.scripts.HomeTest@52719fb6]" started-at="2023-07-11T14:25:58 IST" name="afterClass" finished-at="2023-07-11T14:26:00 IST" duration-ms="1244" status="PASS">
          <reporter-output>
          </reporter-output>
        </test-method> <!-- afterClass -->
      </class> <!-- com.mohs10.scripts.HomeTest -->
    </test> <!-- Test -->
  </suite> <!-- Suite -->
</testng-results>
